{"level":30,"time":1718173799197,"pid":193157,"hostname":"ws5","msg":"REST API server is running on port 6001"}
{"level":30,"time":1718173799197,"pid":193157,"hostname":"ws5","msg":"GraphQL API server is running on port 6002"}
{"level":30,"time":1718173799197,"pid":193157,"hostname":"ws5","msg":"gRPC API server is running on port 6003"}
{"level":30,"time":1718173829493,"pid":194570,"hostname":"ws5","msg":"REST API server is running on port 6001"}
{"level":30,"time":1718173829494,"pid":194570,"hostname":"ws5","msg":"GraphQL API server is running on port 6002"}
{"level":30,"time":1718173829494,"pid":194570,"hostname":"ws5","msg":"gRPC API server is running on port 6003"}
{"level":30,"time":1718173830708,"pid":194650,"hostname":"ws5","msg":"REST API server is running on port 6001"}
{"level":30,"time":1718173830708,"pid":194650,"hostname":"ws5","msg":"GraphQL API server is running on port 6002"}
{"level":30,"time":1718173830709,"pid":194650,"hostname":"ws5","msg":"gRPC API server is running on port 6003"}
{"level":30,"time":1718173830983,"pid":194669,"hostname":"ws5","msg":"REST API server is running on port 6001"}
{"level":30,"time":1718173830984,"pid":194669,"hostname":"ws5","msg":"GraphQL API server is running on port 6002"}
{"level":30,"time":1718173830984,"pid":194669,"hostname":"ws5","msg":"gRPC API server is running on port 6003"}
{"level":30,"time":1718173887006,"pid":196393,"hostname":"ws5","msg":"REST API server is running on port 6001"}
{"level":30,"time":1718173887007,"pid":196393,"hostname":"ws5","msg":"GraphQL API server is running on port 6002"}
{"level":30,"time":1718173887007,"pid":196393,"hostname":"ws5","msg":"gRPC API server is running on port 6003"}
{"level":30,"time":1718173890343,"pid":196516,"hostname":"ws5","msg":"REST API server is running on port 6001"}
{"level":30,"time":1718173890343,"pid":196516,"hostname":"ws5","msg":"GraphQL API server is running on port 6002"}
{"level":30,"time":1718173890343,"pid":196516,"hostname":"ws5","msg":"gRPC API server is running on port 6003"}
{"level":30,"time":1718173893916,"pid":196623,"hostname":"ws5","msg":"REST API server is running on port 6001"}
{"level":30,"time":1718173893916,"pid":196623,"hostname":"ws5","msg":"GraphQL API server is running on port 6002"}
{"level":30,"time":1718173893916,"pid":196623,"hostname":"ws5","msg":"gRPC API server is running on port 6003"}
{"level":30,"time":1718173897223,"pid":196755,"hostname":"ws5","msg":"REST API server is running on port 6001"}
{"level":30,"time":1718173897223,"pid":196755,"hostname":"ws5","msg":"GraphQL API server is running on port 6002"}
{"level":30,"time":1718173897223,"pid":196755,"hostname":"ws5","msg":"gRPC API server is running on port 6003"}
{"level":30,"time":1718173906897,"pid":197064,"hostname":"ws5","msg":"REST API server is running on port 6001"}
{"level":30,"time":1718173906898,"pid":197064,"hostname":"ws5","msg":"GraphQL API server is running on port 6002"}
{"level":30,"time":1718173906898,"pid":197064,"hostname":"ws5","msg":"gRPC API server is running on port 6003"}
{"level":30,"time":1718173911826,"pid":197247,"hostname":"ws5","msg":"REST API server is running on port 6001"}
{"level":30,"time":1718173911827,"pid":197247,"hostname":"ws5","msg":"GraphQL API server is running on port 6002"}
{"level":30,"time":1718173911827,"pid":197247,"hostname":"ws5","msg":"gRPC API server is running on port 6003"}
{"level":30,"time":1718173913778,"pid":197330,"hostname":"ws5","msg":"REST API server is running on port 6001"}
{"level":30,"time":1718173913779,"pid":197330,"hostname":"ws5","msg":"GraphQL API server is running on port 6002"}
{"level":30,"time":1718173913779,"pid":197330,"hostname":"ws5","msg":"gRPC API server is running on port 6003"}
{"level":30,"time":1718173916102,"pid":197330,"hostname":"ws5","msg":"Request Payload Size: 15 bytes"}
{"level":30,"time":1718173916102,"pid":197330,"hostname":"ws5","msg":"Request Payload Type: application/json"}
{"level":30,"time":1718173916104,"pid":197330,"hostname":"ws5","msg":"Response Payload Size: 36 bytes"}
{"level":30,"time":1718173916104,"pid":197330,"hostname":"ws5","msg":"Response Payload Type: application/json; charset=utf-8"}
{"level":30,"time":1718174341725,"pid":208115,"hostname":"ws5","msg":"REST API server is running on port 6001"}
{"level":30,"time":1718174341726,"pid":208115,"hostname":"ws5","msg":"GraphQL API server is running on port 6002"}
{"level":30,"time":1718174341726,"pid":208115,"hostname":"ws5","msg":"gRPC API server is running on port 6003"}
